rxAmigaAddOnAlt/build/intermediates/manifest_merge_blame_file/debug/manifest-merger-blame-debug-report.txt
1<?xml version="1.0" encoding="utf-8"?>
2<manifest xmlns:android="http://schemas.android.com/apk/res/android"
3    package="retrobox.v2.amiga.uae4droid"
4    android:installLocation="auto"
5    android:sharedUserId="psychoworld.retrobox.v2"
6    android:versionCode="11333"
7    android:versionName="1.13-33" >
8
9    <uses-sdk
9-->src/main/AndroidManifest.xml:9:5-73
10        android:minSdkVersion="15"
10-->src/main/AndroidManifest.xml:9:15-41
11        android:targetSdkVersion="26" />
11-->src/main/AndroidManifest.xml:9:42-71
12
13    <uses-permission android:name="android.permission.WRITE_EXTERNAL_STORAGE" />
13-->src/main/AndroidManifest.xml:11:5-97
13-->src/main/AndroidManifest.xml:11:22-78
14
15    <supports-screens
15-->src/main/AndroidManifest.xml:26:1-175
16        android:anyDensity="true"
16-->src/main/AndroidManifest.xml:26:73-98
17        android:largeScreens="true"
17-->src/main/AndroidManifest.xml:26:45-72
18        android:normalScreens="true"
18-->src/main/AndroidManifest.xml:26:127-155
19        android:resizeable="true"
19-->src/main/AndroidManifest.xml:26:19-44
20        android:smallScreens="true" />
20-->src/main/AndroidManifest.xml:26:99-126
21
22    <application
22-->src/main/AndroidManifest.xml:13:5-24:16
23        android:debuggable="true"
24        android:icon="@drawable/retrobox"
24-->src/main/AndroidManifest.xml:13:51-84
25        android:label="@string/app_name"
25-->src/main/AndroidManifest.xml:13:18-50
26        android:testOnly="true" >
27        <activity
27-->src/main/AndroidManifest.xml:14:2-23:13
28            android:name="org.ab.uae.DemoActivity"
28-->src/main/AndroidManifest.xml:14:12-50
29            android:configChanges="keyboardHidden|orientation|screenSize"
29-->src/main/AndroidManifest.xml:17:6-67
30            android:label="@string/app_name"
30-->src/main/AndroidManifest.xml:17:68-100
31            android:screenOrientation="sensorLandscape"
31-->src/main/AndroidManifest.xml:15:6-49
32            android:theme="@android:style/Theme.Holo.NoActionBar.Fullscreen" >
32-->src/main/AndroidManifest.xml:16:6-70
33            <intent-filter>
33-->src/main/AndroidManifest.xml:18:14-22:30
34                <action android:name="retrobox.v2.amiga.uae4droid" />
34-->src/main/AndroidManifest.xml:19:18-71
34-->src/main/AndroidManifest.xml:19:26-68
35
36                <category android:name="android.intent.category.DEFAULT" />
36-->src/main/AndroidManifest.xml:20:18-77
36-->src/main/AndroidManifest.xml:20:28-74
37
38                <data android:mimeType="text/plain" />
38-->src/main/AndroidManifest.xml:21:18-55
38-->src/main/AndroidManifest.xml:21:24-53
39            </intent-filter>
40        </activity>
41
42        <meta-data
42-->[com.android.support:support-v4:26.1.0] AndroidManifest.xml:26:9-28:38
43            android:name="android.support.VERSION"
43-->[com.android.support:support-v4:26.1.0] AndroidManifest.xml:27:13-51
44            android:value="26.1.0" />
44-->[com.android.support:support-v4:26.1.0] AndroidManifest.xml:28:13-35
45        <meta-data
45-->[android.arch.lifecycle:runtime:1.0.0] AndroidManifest.xml:25:9-27:47
46            android:name="android.arch.lifecycle.VERSION"
46-->[android.arch.lifecycle:runtime:1.0.0] AndroidManifest.xml:26:13-58
47            android:value="27.0.0-SNAPSHOT" />
47-->[android.arch.lifecycle:runtime:1.0.0] AndroidManifest.xml:27:13-44
48    </application>
49
50</manifest>